1615460030247	geckodriver	INFO	Listening on 127.0.0.1:60326
1615460033310	mozrunner::runner	INFO	Running command: "C:\\Program Files\\Mozilla Firefox\\firefox.exe" "--marionette" "-foreground" "-no-remote" "-profile" "C:\\Users\\PaleFace\\AppData\\Local\\Temp\\rust_mozprofilefyr4ev"
console.warn: SearchSettings: "get: No settings file exists, new profile?" (new Error("", "(unknown module)"))
console.warn: SearchSettings: "get: No settings file exists, new profile?" (new Error("", "(unknown module)"))
1615460038606	Marionette	INFO	Listening on port 60338
1615460038955	Marionette	WARN	TLS certificate errors will be ignored for this session
1615460038987	Marionette	ERROR	[15] No reply from Marionette:Register
console.error: services.settings: 
  Message: QuotaExceededError: IndexedDB: main/normandy-recipes-capabilities importChanges() IndexedDB:  importChanges() in main/normandy-recipes-capabilities The current transaction exceeded its quota limitations.
console.error: services.settings: 
  Message: InvalidStateError: IndexedDB: security-state/cert-revocations importChanges() IndexedDB: collections, timestamps, records importChanges() in security-state/cert-revocations A mutation operation was attempted on a database that did not allow mutations.
  Stack:
    importChanges/<@resource://services-settings/Database.jsm:116:27
executeIDB/promise<@resource://services-settings/IDBHelpers.jsm:134:16
executeIDB@resource://services-settings/IDBHelpers.jsm:98:17
executeIDB@resource://services-settings/Database.jsm:366:45

console.log: "RemoteSettingsWorker error: QuotaExceededError: IndexedDB:  execute() The current transaction exceeded its quota limitations."
console.error: services.settings: 
  Message: AbortError: IndexedDB: security-state/intermediates importChanges() IndexedDB:  importChanges() in security-state/intermediates A request was aborted, for example through a call to IDBTransaction.abort.
console.log: WebExtensions: reset-default-search: No addons in our list are installed.
1615466302870	Marionette	INFO	Stopped listening on port 60338
